<?xml version="1.0" encoding="UTF-8"?>
<!-- Generated by org.testng.reporters.JUnitReportReporter -->
<testsuite hostname="DESKTOP-VFA3M3H" failures="0" tests="2" name="RSA_Training.Tests.ErrorValidationTest" time="15.639" errors="0" timestamp="2024-04-26T12:13:59 IST" skipped="0">
  <testcase classname="RSA_Training.Tests.ErrorValidationTest" name="ErrorValidation" time="7.155"/>
  <system-out/>
  <testcase classname="RSA_Training.Tests.ErrorValidationTest" name="ProductErrorValidation" time="8.484"/>
  <system-out/>
</testsuite> <!-- RSA_Training.Tests.ErrorValidationTest -->
