<?xml version="1.0" encoding="UTF-8"?>
<!-- Generated by org.testng.reporters.JUnitReportReporter -->
<testsuite hostname="DESKTOP-VFA3M3H" failures="0" tests="1" name="Cucumber.TestNGTestRunner" time="8.674" errors="0" timestamp="2024-05-08T19:38:31 IST" skipped="0">
  <testcase classname="Cucumber.TestNGTestRunner" name="runScenario" time="8.674"/>
  <system-out/>
</testsuite> <!-- Cucumber.TestNGTestRunner -->
