<?xml version="1.0" encoding="UTF-8"?>
<!-- Generated by org.testng.reporters.JUnitReportReporter -->
<testsuite hostname="DESKTOP-VFA3M3H" failures="0" tests="2" name="RSA_Training.Tests.SubmitOrderTest" time="27.682" errors="0" timestamp="2024-04-26T12:13:59 IST" skipped="0">
  <testcase classname="RSA_Training.Tests.SubmitOrderTest" name="SubmitOrder" time="17.887"/>
  <system-out/>
  <testcase classname="RSA_Training.Tests.SubmitOrderTest" name="SubmitOrder" time="9.795"/>
  <system-out/>
</testsuite> <!-- RSA_Training.Tests.SubmitOrderTest -->
