<?xml version="1.0" encoding="UTF-8"?>
<!-- Generated by org.testng.reporters.JUnitReportReporter -->
<testsuite hostname="DESKTOP-VFA3M3H" failures="0" tests="2" name="RSA_Training.Tests.ErrorValidationTest" time="10.415" errors="0" timestamp="2024-04-25T06:42:28 IST" skipped="0">
  <testcase classname="RSA_Training.Tests.ErrorValidationTest" name="ErrorValidation" time="4.030"/>
  <testcase classname="RSA_Training.Tests.ErrorValidationTest" name="ProductErrorValidation" time="6.385"/>
</testsuite> <!-- RSA_Training.Tests.ErrorValidationTest -->
