<?xml version="1.0" encoding="UTF-8"?>
<!-- Generated by org.testng.reporters.JUnitReportReporter -->
<testsuite hostname="DESKTOP-VFA3M3H" failures="0" tests="2" name="RSA_Training.Tests.SubmitOrderTest" time="17.164" errors="0" timestamp="2024-04-25T06:42:28 IST" skipped="0">
  <testcase classname="RSA_Training.Tests.SubmitOrderTest" name="SubmitOrder" time="8.762"/>
  <testcase classname="RSA_Training.Tests.SubmitOrderTest" name="SubmitOrder" time="8.402"/>
</testsuite> <!-- RSA_Training.Tests.SubmitOrderTest -->
